-------------------------------------------------------------------------------
Test set: FiltrarParaTest
-------------------------------------------------------------------------------
Tests run: 1, Failures: 0, Errors: 1, Skipped: 0, Time elapsed: 0.008 s <<< FAILURE! - in FiltrarParaTest
FiltrarPara(FiltrarParaTest)  Time elapsed: 0.002 s  <<< ERROR!
java.lang.NullPointerException: Cannot invoke "java.util.List.stream()" because "usuario.bandejaEntrada" is null
	at FiltrarParaTest.FiltrarPara(FiltrarParaTest.java:39)

